<?xml version="1.0" encoding="UTF-8"?>
<!-- Generated by org.testng.reporters.JUnitXMLReporter -->
<testsuite ignored="0" hostname="LAPTOP-H9GQVMTB" failures="2" tests="7" name="Test" time="1.666" errors="0" timestamp="2022-10-09T23:59:07 IST">
  <testcase classname="testNG_Learning.testNGExample" name="@BeforeMethod testSetUp" time="1.568">
    <failure type="org.openqa.selenium.SessionNotCreatedException" message="Could not start a new session. Response code 500. Message: session not created: This version of ChromeDriver only supports Chrome version 103
Current browser version is 106.0.5249.103 with binary path C:\Program Files\Google\Chrome\Application\chrome.exe
Build info: version: &amp;apos;4.1.4&amp;apos;, revision: &amp;apos;535d840ee2&amp;apos;
System info: host: &amp;apos;LAPTOP-H9GQVMTB&amp;apos;, ip: &amp;apos;192.168.43.252&amp;apos;, os.name: &amp;apos;Windows 11&amp;apos;, os.arch: &amp;apos;amd64&amp;apos;, os.version: &amp;apos;10.0&amp;apos;, java.version: &amp;apos;18.0.1.1&amp;apos;
Driver info: org.openqa.selenium.chrome.ChromeDriver
Command: [null, newSession {capabilities=[Capabilities {browserName: chrome, goog:chromeOptions: {args: [], extensions: []}}], desiredCapabilities=Capabilities {browserName: chrome, goog:chromeOptions: {args: [], extensions: []}}}]">
      <![CDATA[org.openqa.selenium.SessionNotCreatedException: Could not start a new session. Response code 500. Message: session not created: This version of ChromeDriver only supports Chrome version 103
Current browser version is 106.0.5249.103 with binary path C:\Program Files\Google\Chrome\Application\chrome.exe
Build info: version: '4.1.4', revision: '535d840ee2'
System info: host: 'LAPTOP-H9GQVMTB', ip: '192.168.43.252', os.name: 'Windows 11', os.arch: 'amd64', os.version: '10.0', java.version: '18.0.1.1'
Driver info: org.openqa.selenium.chrome.ChromeDriver
Command: [null, newSession {capabilities=[Capabilities {browserName: chrome, goog:chromeOptions: {args: [], extensions: []}}], desiredCapabilities=Capabilities {browserName: chrome, goog:chromeOptions: {args: [], extensions: []}}}]
at org.openqa.selenium.remote.ProtocolHandshake.createSession(ProtocolHandshake.java:126)
at org.openqa.selenium.remote.ProtocolHandshake.createSession(ProtocolHandshake.java:84)
at org.openqa.selenium.remote.ProtocolHandshake.createSession(ProtocolHandshake.java:62)
at org.openqa.selenium.remote.HttpCommandExecutor.execute(HttpCommandExecutor.java:156)
at org.openqa.selenium.remote.service.DriverCommandExecutor.invokeExecute(DriverCommandExecutor.java:167)
at org.openqa.selenium.remote.service.DriverCommandExecutor.execute(DriverCommandExecutor.java:142)
at org.openqa.selenium.remote.RemoteWebDriver.execute(RemoteWebDriver.java:567)
at org.openqa.selenium.remote.RemoteWebDriver.startSession(RemoteWebDriver.java:248)
at org.openqa.selenium.remote.RemoteWebDriver.<init>(RemoteWebDriver.java:164)
at org.openqa.selenium.chromium.ChromiumDriver.<init>(ChromiumDriver.java:108)
at org.openqa.selenium.chrome.ChromeDriver.<init>(ChromeDriver.java:106)
at org.openqa.selenium.chrome.ChromeDriver.<init>(ChromeDriver.java:93)
at org.openqa.selenium.chrome.ChromeDriver.<init>(ChromeDriver.java:48)
at testNG_Learning.CommonFunctions.browserLaunch(CommonFunctions.java:21)
at testNG_Learning.testNGExample.testSetUp(testNGExample.java:26)
at java.base/java.util.ArrayList.forEach(ArrayList.java:1511)
... Removed 29 stack frames]]>
    </failure>
  </testcase> <!-- @BeforeMethod testSetUp -->
  <testcase classname="testNG_Learning.testNGExample" name="@AfterMethod testDown" time="0.0">
    <skipped/>
  </testcase> <!-- @AfterMethod testDown -->
  <testcase classname="testNG_Learning.testNGExample" name="@BeforeMethod testSetUp" time="0.0">
    <skipped/>
  </testcase> <!-- @BeforeMethod testSetUp -->
  <testcase classname="testNG_Learning.testNGExample" name="@AfterMethod testDown" time="0.0">
    <skipped/>
  </testcase> <!-- @AfterMethod testDown -->
  <testcase classname="testNG_Learning.testNGExample" name="Login" time="0.0">
    <failure type="org.testng.TestNGException" message="
Parameter &amp;apos;userid&amp;apos; is required by @Test on method Login but has not been marked @Optional or defined
in C:\Users\Chandana\eclipse-workspace\Maven_Selenium2022\testngParamSuitLevel.xml">
      <![CDATA[org.testng.TestNGException: 
Parameter 'userid' is required by @Test on method Login but has not been marked @Optional or defined
in C:\Users\Chandana\eclipse-workspace\Maven_Selenium2022\testngParamSuitLevel.xml
at java.base/java.util.ArrayList.forEach(ArrayList.java:1511)
... Removed 26 stack frames]]>
    </failure>
  </testcase> <!-- Login -->
  <testcase classname="testNG_Learning.testNGExample" name="Login1" time="0.0">
    <skipped/>
  </testcase> <!-- Login1 -->
  <testcase classname="testNG_Learning.testNGExample" name="assignLeave" time="0.0">
    <skipped/>
  </testcase> <!-- assignLeave -->
  <testcase classname="testNG_Learning.TestNGDemo" name="test2" time="0.0">
    <failure type="org.testng.TestNGException" message="
Parameter &amp;apos;userid&amp;apos; is required by @Test on method test2 but has not been marked @Optional or defined
in C:\Users\Chandana\eclipse-workspace\Maven_Selenium2022\testngParamSuitLevel.xml">
      <![CDATA[org.testng.TestNGException: 
Parameter 'userid' is required by @Test on method test2 but has not been marked @Optional or defined
in C:\Users\Chandana\eclipse-workspace\Maven_Selenium2022\testngParamSuitLevel.xml
at java.base/java.util.ArrayList.forEach(ArrayList.java:1511)
... Removed 26 stack frames]]>
    </failure>
  </testcase> <!-- test2 -->
  <testcase classname="testNG_Learning.TestNGDemo" name="test4" time="0.002"/>
  <testcase classname="testNG_Learning.TestNGDemo" name="test1" time="0.004"/>
  <testcase classname="testNG_Learning.TestNGDemo" name="test3" time="0.001"/>
</testsuite> <!-- Test -->
