<?xml version="1.0" encoding="UTF-8"?>
<!-- Generated by org.testng.reporters.JUnitXMLReporter -->
<testsuite ignored="2" hostname="LAPTOP-H9GQVMTB" failures="1" tests="1" name="Test2" time="0.017" errors="0" timestamp="2022-07-17T11:31:42 IST">
  <testcase classname="testNG_Learning.testNGExample" name="Login" time="0.0">
    <failure type="org.testng.TestNGException" message="
Parameter &amp;apos;userid&amp;apos; is required by @Test on method Login but has not been marked @Optional or defined
in C:\Users\Chandana\eclipse-workspace\Maven_Selenium2022\testngParallelDemo.xml">
      <![CDATA[org.testng.TestNGException: 
Parameter 'userid' is required by @Test on method Login but has not been marked @Optional or defined
in C:\Users\Chandana\eclipse-workspace\Maven_Selenium2022\testngParallelDemo.xml
at java.base/java.util.ArrayList.forEach(ArrayList.java:1511)
... Removed 26 stack frames]]>
    </failure>
  </testcase> <!-- Login -->
  <testcase classname="testNG_Learning.testNGExample" name="Login1" time="0.0">
    <ignored/>
  </testcase> <!-- Login1 -->
  <testcase classname="testNG_Learning.testNGExample" name="assignLeave" time="0.0">
    <ignored/>
  </testcase> <!-- assignLeave -->
</testsuite> <!-- Test2 -->
